{"C:\\Users\\GWTC\\Documents\\RestaurantTemplateFrontend\\eslint.config.js": {"path":"C:\\Users\\GWTC\\Documents\\RestaurantTemplateFrontend\\eslint.config.js","statementMap":{"0":{"start":{"line":1,"column":25},"end":{"line":1,"column":49}},"1":{"start":{"line":2,"column":19},"end":{"line":2,"column":53}},"2":{"start":{"line":3,"column":40},"end":{"line":3,"column":85}},"3":{"start":{"line":5,"column":0},"end":{"line":11,"column":3}}},"fnMap":{},"branchMap":{},"s":{"0":0,"1":0,"2":0,"3":0},"f":{},"b":{}}
,"C:\\Users\\GWTC\\Documents\\RestaurantTemplateFrontend\\src\\app\\start\\App.tsx": {"path":"C:\\Users\\GWTC\\Documents\\RestaurantTemplateFrontend\\src\\app\\start\\App.tsx","statementMap":{"0":{"start":{"line":4,"column":26},"end":{"line":4,"column":86}},"1":{"start":{"line":4,"column":63},"end":{"line":4,"column":86}},"2":{"start":{"line":7,"column":2},"end":{"line":11,"column":4}},"3":{"start":{"line":14,"column":15},"end":{"line":21,"column":2}}},"fnMap":{"0":{"name":"(anonymous_0)","decl":{"start":{"line":4,"column":26},"end":{"line":4,"column":27}},"loc":{"start":{"line":4,"column":63},"end":{"line":4,"column":86}},"line":4},"1":{"name":"HomeScreen","decl":{"start":{"line":6,"column":24},"end":{"line":6,"column":34}},"loc":{"start":{"line":6,"column":37},"end":{"line":12,"column":1}},"line":6}},"branchMap":{},"s":{"0":1,"1":1,"2":1,"3":1},"f":{"0":1,"1":1},"b":{},"_coverageSchema":"1a1c01bbd47fc00a2c39e90264f33305004495a9","hash":"375002267902d85a33998fa08c2cd63ea6fde72f"}
,"C:\\Users\\GWTC\\Documents\\RestaurantTemplateFrontend\\src\\app\\start\\index.ts": {"path":"C:\\Users\\GWTC\\Documents\\RestaurantTemplateFrontend\\src\\app\\start\\index.ts","statementMap":{"0":{"start":{"line":8,"column":0},"end":{"line":8,"column":27}}},"fnMap":{},"branchMap":{},"s":{"0":0},"f":{},"b":{}}
}
